-------------------------------------------------------------------------------
>Log Session: Sunday, December 29, 2013 4:10:33 PM PST
>System Info: 
  Product Version         = NetBeans Platform 7.4 (Build 201310111528)
  Operating System        = Windows 7 version 6.1 running on amd64
  Java; VM; Vendor        = 1.7.0_25; Java HotSpot(TM) 64-Bit Server VM 23.25-b01; Oracle Corporation
  Runtime                 = Java(TM) SE Runtime Environment 1.7.0_25-b16
  Java Home               = C:\Program Files\Java\jre7
  System Locale; Encoding = en_US; Cp1252
  Home Directory          = C:\Users\Xavier
  Current Directory       = K:\Torrent Data backup\drivers\december folder\4_8 xavier_tr21\YaleCS
  User Directory          = K:\Torrent Data backup\drivers\december folder\4_8 xavier_tr21\YaleCS
  Cache Directory         = K:\Torrent Data backup\drivers\december folder\4_8 xavier_tr21\YaleCS\var\cache
  Installation            = C:\Program Files\NetBeans 7.4\platform
                            C:\Program Files\NetBeans 7.4\platform
  Boot & Ext. Classpath   = C:\Program Files\Java\jre7\lib\resources.jar;C:\Program Files\Java\jre7\lib\rt.jar;C:\Program Files\Java\jre7\lib\sunrsasign.jar;C:\Program Files\Java\jre7\lib\jsse.jar;C:\Program Files\Java\jre7\lib\jce.jar;C:\Program Files\Java\jre7\lib\charsets.jar;C:\Program Files\Java\jre7\lib\jfr.jar;C:\Program Files\Java\jre7\classes;C:\Program Files\Java\jre7\lib\ext\access-bridge-64.jar;C:\Program Files\Java\jre7\lib\ext\dnsns.jar;C:\Program Files\Java\jre7\lib\ext\dns_sd.jar;C:\Program Files\Java\jre7\lib\ext\jaccess.jar;C:\Program Files\Java\jre7\lib\ext\localedata.jar;C:\Program Files\Java\jre7\lib\ext\sunec.jar;C:\Program Files\Java\jre7\lib\ext\sunjce_provider.jar;C:\Program Files\Java\jre7\lib\ext\sunmscapi.jar;C:\Program Files\Java\jre7\lib\ext\zipfs.jar
  Application Classpath   = C:\Program Files\NetBeans 7.4\platform\lib\boot.jar;C:\Program Files\NetBeans 7.4\platform\lib\org-openide-modules.jar;C:\Program Files\NetBeans 7.4\platform\lib\org-openide-util-lookup.jar;C:\Program Files\NetBeans 7.4\platform\lib\org-openide-util.jar;C:\Program Files\NetBeans 7.4\platform\lib\locale\boot_ja.jar;C:\Program Files\NetBeans 7.4\platform\lib\locale\boot_pt_BR.jar;C:\Program Files\NetBeans 7.4\platform\lib\locale\boot_ru.jar;C:\Program Files\NetBeans 7.4\platform\lib\locale\boot_zh_CN.jar;C:\Program Files\NetBeans 7.4\platform\lib\locale\org-openide-modules_ja.jar;C:\Program Files\NetBeans 7.4\platform\lib\locale\org-openide-modules_pt_BR.jar;C:\Program Files\NetBeans 7.4\platform\lib\locale\org-openide-modules_ru.jar;C:\Program Files\NetBeans 7.4\platform\lib\locale\org-openide-modules_zh_CN.jar;C:\Program Files\NetBeans 7.4\platform\lib\locale\org-openide-util-lookup_ja.jar;C:\Program Files\NetBeans 7.4\platform\lib\locale\org-openide-util-lookup_pt_BR.jar;C:\Program Files\NetBeans 7.4\platform\lib\locale\org-openide-util-lookup_ru.jar;C:\Program Files\NetBeans 7.4\platform\lib\locale\org-openide-util-lookup_zh_CN.jar;C:\Program Files\NetBeans 7.4\platform\lib\locale\org-openide-util_ja.jar;C:\Program Files\NetBeans 7.4\platform\lib\locale\org-openide-util_pt_BR.jar;C:\Program Files\NetBeans 7.4\platform\lib\locale\org-openide-util_ru.jar;C:\Program Files\NetBeans 7.4\platform\lib\locale\org-openide-util_zh_CN.jar
  Startup Classpath       = C:\Program Files\NetBeans 7.4\platform\core\core.jar;C:\Program Files\NetBeans 7.4\platform\core\org-openide-filesystems.jar;C:\Program Files\NetBeans 7.4\platform\core\locale\core_ja.jar;C:\Program Files\NetBeans 7.4\platform\core\locale\core_pt_BR.jar;C:\Program Files\NetBeans 7.4\platform\core\locale\core_ru.jar;C:\Program Files\NetBeans 7.4\platform\core\locale\core_zh_CN.jar;C:\Program Files\NetBeans 7.4\platform\core\locale\org-openide-filesystems_ja.jar;C:\Program Files\NetBeans 7.4\platform\core\locale\org-openide-filesystems_pt_BR.jar;C:\Program Files\NetBeans 7.4\platform\core\locale\org-openide-filesystems_ru.jar;C:\Program Files\NetBeans 7.4\platform\core\locale\org-openide-filesystems_zh_CN.jar
-------------------------------------------------------------------------------
INFO [org.netbeans.core.startup.NbEvents]: Turning on modules:
	org.openide.util.lookup [8.22.1 201310111528]
	org.openide.util [8.33.2 201311191022]
	org.openide.modules [7.39.1 201310111528]
	org.openide.filesystems [8.8.1 201310111528]
	org.netbeans.api.annotations.common/1 [1.21.1 201310111528]
	org.openide.awt [7.59.1 201310111528]
	org.netbeans.api.progress/1 [1.35.1 201310111528]
	org.openide.dialogs [7.32.1 201310111528]
	org.openide.nodes [7.36.1 201310111528]
	org.openide.windows [6.65.1 201310111528]
	org.netbeans.modules.editor.mimelookup/1 [1.33.1 201310111528]
	org.openide.text [6.58.2 201311191022]
	org.netbeans.swing.tabcontrol [1.46.1 201310111528]
	org.netbeans.swing.outline [1.27.1 201310111528]
	org.openide.explorer [6.53.1 201310111528]
	org.openide.actions [6.32.1 201310111528]
	org.netbeans.modules.queries/1 [1.36.1 201310111528]
	org.openide.loaders [7.51.1 201310111528]
	org.openide.io [1.42.1 201310111528]
	org.netbeans.swing.plaf [1.34.1 201310111528]
	org.netbeans.spi.quicksearch [1.20.1 201310111528]
	org.netbeans.bootstrap/1 [2.63.1 201310111528]
	org.netbeans.core.startup/1 [1.51.1 201310111528]
	org.netbeans.modules.settings/1 [1.42.1 201310111528]
	org.netbeans.modules.sendopts/2 [2.28.1 201310111528]
	org.netbeans.modules.sampler [1.7.1 201310111528]
	org.netbeans.modules.progress.ui [1.26.1 201310111528]
	org.netbeans.modules.print [7.19.1 201310111528]
	org.netbeans.modules.keyring [1.17.1 201310111528]
	org.netbeans.core/2 [3.43.1 201310111528]
	org.netbeans.modules.options.api/1 [1.36.1 201310111528]
	org.netbeans.modules.options.keymap [1.28.2 201311191022]
	org.netbeans.modules.masterfs/2 [2.44.3 201311191022]
	org.netbeans.libs.jna/1 [1.31.1 201310111528]
	org.netbeans.modules.masterfs.windows [1.7.1 201310111528]
	org.netbeans.modules.keyring.fallback [1.1.1 201310111528]
	org.netbeans.modules.keyring.impl [1.14.1 201310111528]
	org.netbeans.modules.favorites/1 [1.36.1 201310111528]
	org.netbeans.modules.editor.mimelookup.impl/1 [1.24.1 201310111528]
	org.netbeans.modules.autoupdate.services [1.42.2 201311191022]
	org.netbeans.core.ui/1 [1.38.1 201310111528]
	org.netbeans.modules.autoupdate.ui [1.38.2 201311191022]
	org.netbeans.libs.osgi [1.15.1 201310111528]
	org.netbeans.libs.felix [2.9.1 201310111528]
	org.netbeans.core.windows/2 [2.66.1 201310111528]
	org.netbeans.modules.autoupdate.cli [1.6.1 201310111528]
	org.netbeans.modules.core.kit [1.23.1 201310111528]
	org.netbeans.libs.jna.platform/1 [1.1.1 201310111528]
	org.netbeans.core.output2/1 [1.34.3 201311191022]
	org.netbeans.core.network [1.1.2 201311191022]
	org.netbeans.core.netigso [1.23.1 201310111528]
	org.netbeans.core.nativeaccess/1 [1.23.1 201310111528]
	org.netbeans.core.multitabs [1.3.3.1 1 201310111528]
	org.netbeans.core.io.ui/1 [1.23.1 201310111528]
INFO [org.netbeans.core.network.proxy.NetworkProxyReloader]: System network proxy resolver: Windows
INFO [org.netbeans.core.network.proxy.NetworkProxyReloader]: System network proxy reloading succeeded.
INFO [org.netbeans.core.network.proxy.NetworkProxyReloader]: System network proxy - mode: direct
INFO [org.netbeans.core.network.proxy.NetworkProxyReloader]: System network proxy: falled to default (corect if direct mode went before)
